# JRE version: OpenJDK Runtime Environment Temurin-17.0.2+8 (17.0.2+8) (build 17.0.2+8)
# Java VM: OpenJDK 64-Bit Server VM Temurin-17.0.2+8 (17.0.2+8, mixed mode, tiered, compressed oops, compressed class ptrs, g1 gc, windows-amd64)
GC Precious Log:
 CPUs: 4 total, 4 available
 Memory: 1944M
 Large Page Support: Disabled
 NUMA Support: Disabled
 Compressed Oops: Enabled (32-bit)
 Heap Region Size: 1M
 Heap Min Capacity: 8M
 Heap Initial Capacity: 32M
 Heap Max Capacity: 488M
 Pre-touch: Disabled
 Parallel Workers: 4
 Concurrent Workers: 1
 Concurrent Refinement Workers: 4
 Periodic GC: Disabled
Heap:
 garbage-first heap   total 32768K, used 22227K [0x00000000e1800000, 0x0000000100000000)
  region size 1024K, 11 young (11264K), 2 survivors (2048K)
 Metaspace       used 30517K, committed 30784K, reserved 1081344K
  class space    used 3522K, committed 3648K, reserved 1048576K
GC Heap History (12 events):
Event: 4.122 GC heap before
{Heap before GC invocations=0 (full 0):
 garbage-first heap   total 32768K, used 12288K [0x00000000e1800000, 0x0000000100000000)
  region size 1024K, 13 young (13312K), 0 survivors (0K)
 Metaspace       used 11393K, committed 11520K, reserved 1064960K
  class space    used 1072K, committed 1152K, reserved 1048576K
}
Event: 4.138 GC heap after
{Heap after GC invocations=1 (full 0):
 garbage-first heap   total 32768K, used 5224K [0x00000000e1800000, 0x0000000100000000)
  region size 1024K, 2 young (2048K), 2 survivors (2048K)
 Metaspace       used 11393K, committed 11520K, reserved 1064960K
  class space    used 1072K, committed 1152K, reserved 1048576K
}
Event: 5.735 GC heap before
{Heap before GC invocations=1 (full 0):
 garbage-first heap   total 32768K, used 13416K [0x00000000e1800000, 0x0000000100000000)
  region size 1024K, 11 young (11264K), 2 survivors (2048K)
 Metaspace       used 14775K, committed 14976K, reserved 1064960K
  class space    used 1472K, committed 1600K, reserved 1048576K
}
Event: 5.743 GC heap after
{Heap after GC invocations=2 (full 0):
 garbage-first heap   total 32768K, used 5987K [0x00000000e1800000, 0x0000000100000000)
  region size 1024K, 1 young (1024K), 1 survivors (1024K)
 Metaspace       used 14775K, committed 14976K, reserved 1064960K
  class space    used 1472K, committed 1600K, reserved 1048576K
}
Event: 7.484 GC heap before
{Heap before GC invocations=2 (full 0):
 garbage-first heap   total 32768K, used 16227K [0x00000000e1800000, 0x0000000100000000)
  region size 1024K, 11 young (11264K), 1 survivors (1024K)
 Metaspace       used 17815K, committed 18112K, reserved 1064960K
  class space    used 1907K, committed 2048K, reserved 1048576K
}
Event: 7.487 GC heap after
{Heap after GC invocations=3 (full 0):
 garbage-first heap   total 32768K, used 6561K [0x00000000e1800000, 0x0000000100000000)
  region size 1024K, 2 young (2048K), 2 survivors (2048K)
 Metaspace       used 17815K, committed 18112K, reserved 1064960K
  class space    used 1907K, committed 2048K, reserved 1048576K
}
Event: 8.619 GC heap before
{Heap before GC invocations=3 (full 0):
 garbage-first heap   total 32768K, used 16801K [0x00000000e1800000, 0x0000000100000000)
  region size 1024K, 13 young (13312K), 2 survivors (2048K)
 Metaspace       used 21328K, committed 21504K, reserved 1073152K
  class space    used 2289K, committed 2368K, reserved 1048576K
}
Event: 8.631 GC heap after
{Heap after GC invocations=4 (full 0):
 garbage-first heap   total 32768K, used 8318K [0x00000000e1800000, 0x0000000100000000)
  region size 1024K, 2 young (2048K), 2 survivors (2048K)
 Metaspace       used 21328K, committed 21504K, reserved 1073152K
  class space    used 2289K, committed 2368K, reserved 1048576K
}
Event: 12.963 GC heap before
{Heap before GC invocations=5 (full 0):
 garbage-first heap   total 32768K, used 19582K [0x00000000e1800000, 0x0000000100000000)
  region size 1024K, 13 young (13312K), 2 survivors (2048K)
 Metaspace       used 25468K, committed 25664K, reserved 1073152K
  class space    used 2838K, committed 2944K, reserved 1048576K
}
Event: 12.970 GC heap after
{Heap after GC invocations=6 (full 0):
 garbage-first heap   total 32768K, used 9518K [0x00000000e1800000, 0x0000000100000000)
  region size 1024K, 2 young (2048K), 2 survivors (2048K)
 Metaspace       used 25468K, committed 25664K, reserved 1073152K
  class space    used 2838K, committed 2944K, reserved 1048576K
}
Event: 14.656 GC heap before
{Heap before GC invocations=6 (full 0):
 garbage-first heap   total 32768K, used 18734K [0x00000000e1800000, 0x0000000100000000)
  region size 1024K, 12 young (12288K), 2 survivors (2048K)
 Metaspace       used 28099K, committed 28352K, reserved 1081344K
  class space    used 3212K, committed 3328K, reserved 1048576K
}
Event: 14.660 GC heap after
{Heap after GC invocations=7 (full 0):
 garbage-first heap   total 32768K, used 9939K [0x00000000e1800000, 0x0000000100000000)
  region size 1024K, 2 young (2048K), 2 survivors (2048K)
 Metaspace       used 28099K, committed 28352K, reserved 1081344K
  class space    used 3212K, committed 3328K, reserved 1048576K
}

