<?xml version="1.0" encoding="UTF-8"?>
<testng-results ignored="0" total="3" passed="3" failed="0" skipped="0">
  <reporter-output>
  </reporter-output>
  <suite started-at="2022-06-15T22:25:41 IST" name="Default suite" finished-at="2022-06-15T22:26:30 IST" duration-ms="48937">
    <groups>
    </groups>
    <test started-at="2022-06-15T22:25:41 IST" name="Default test" finished-at="2022-06-15T22:26:30 IST" duration-ms="48937">
      <class name="Test.Jerodhaloginpagetest">
        <test-method is-config="true" signature="browser()[pri:0, instance:Test.Jerodhaloginpagetest@5a56cdac]" started-at="2022-06-15T22:25:41 IST" name="browser" finished-at="2022-06-15T22:25:57 IST" duration-ms="16154" status="PASS">
          <reporter-output>
          </reporter-output>
        </test-method> <!-- browser -->
        <test-method signature="forgotpasswordlinktest()[pri:0, instance:Test.Jerodhaloginpagetest@5a56cdac]" started-at="2022-06-15T22:25:57 IST" name="forgotpasswordlinktest" finished-at="2022-06-15T22:25:57 IST" duration-ms="516" status="PASS">
          <reporter-output>
          </reporter-output>
        </test-method> <!-- forgotpasswordlinktest -->
        <test-method is-config="true" signature="screenshot1()[pri:0, instance:Test.Jerodhaloginpagetest@5a56cdac]" started-at="2022-06-15T22:25:57 IST" name="screenshot1" finished-at="2022-06-15T22:25:58 IST" duration-ms="646" status="PASS">
          <reporter-output>
          </reporter-output>
        </test-method> <!-- screenshot1 -->
        <test-method is-config="true" signature="browser()[pri:0, instance:Test.Jerodhaloginpagetest@5a56cdac]" started-at="2022-06-15T22:25:58 IST" name="browser" finished-at="2022-06-15T22:26:09 IST" duration-ms="11230" status="PASS">
          <reporter-output>
          </reporter-output>
        </test-method> <!-- browser -->
        <test-method signature="loginwithVaidcredentials()[pri:0, instance:Test.Jerodhaloginpagetest@5a56cdac]" started-at="2022-06-15T22:26:09 IST" name="loginwithVaidcredentials" finished-at="2022-06-15T22:26:15 IST" duration-ms="5619" status="PASS">
          <reporter-output>
          </reporter-output>
        </test-method> <!-- loginwithVaidcredentials -->
        <test-method is-config="true" signature="screenshot1()[pri:0, instance:Test.Jerodhaloginpagetest@5a56cdac]" started-at="2022-06-15T22:26:15 IST" name="screenshot1" finished-at="2022-06-15T22:26:15 IST" duration-ms="530" status="PASS">
          <reporter-output>
          </reporter-output>
        </test-method> <!-- screenshot1 -->
        <test-method is-config="true" signature="browser()[pri:0, instance:Test.Jerodhaloginpagetest@5a56cdac]" started-at="2022-06-15T22:26:15 IST" name="browser" finished-at="2022-06-15T22:26:29 IST" duration-ms="13170" status="PASS">
          <reporter-output>
          </reporter-output>
        </test-method> <!-- browser -->
        <test-method signature="signuplinktest()[pri:0, instance:Test.Jerodhaloginpagetest@5a56cdac]" started-at="2022-06-15T22:26:29 IST" name="signuplinktest" finished-at="2022-06-15T22:26:29 IST" duration-ms="248" status="PASS">
          <reporter-output>
          </reporter-output>
        </test-method> <!-- signuplinktest -->
        <test-method is-config="true" signature="screenshot1()[pri:0, instance:Test.Jerodhaloginpagetest@5a56cdac]" started-at="2022-06-15T22:26:29 IST" name="screenshot1" finished-at="2022-06-15T22:26:29 IST" duration-ms="419" status="PASS">
          <reporter-output>
          </reporter-output>
        </test-method> <!-- screenshot1 -->
      </class> <!-- Test.Jerodhaloginpagetest -->
    </test> <!-- Default test -->
  </suite> <!-- Default suite -->
</testng-results>
